#
# There is insufficient memory for the Java Runtime Environment to continue.
# Native memory allocation (mmap) failed to map 65536 bytes for Failed to commit metaspace.
# Possible reasons:
#   The system is out of physical RAM or swap space
#   The process is running with CompressedOops enabled, and the Java Heap may be blocking the growth of the native heap
# Possible solutions:
#   Reduce memory load on the system
#   Increase physical memory or swap space
#   Check if swap backing store is full
#   Decrease Java heap size (-Xmx/-Xms)
#   Decrease number of Java threads
#   Decrease Java thread stack sizes (-Xss)
#   Set larger code cache with -XX:ReservedCodeCacheSize=
#   JVM is running with Unscaled Compressed Oops mode in which the Java heap is
#     placed in the first 4GB address space. The Java Heap base address is the
#     maximum limit for the native heap growth. Please use -XX:HeapBaseMinAddress
#     to set the Java Heap base and to place the Java Heap above 4GB virtual address.
# This output file may be truncated or incomplete.
#
#  Out of Memory Error (virtualSpaceNode.cpp:110), pid=18832, tid=12888
#
# JRE version: Java(TM) SE Runtime Environment (17.0.12+8) (build 17.0.12+8-LTS-286)
# Java VM: Java HotSpot(TM) 64-Bit Server VM (17.0.12+8-LTS-286, mixed mode, sharing, tiered, compressed oops, compressed class ptrs, g1 gc, windows-amd64)
# No core dump will be written. Minidumps are not enabled by default on client versions of Windows
#

---------------  S U M M A R Y ------------

Command Line: -Xmx64m -Xms64m -Dorg.gradle.appname=gradlew C:\Users\Graham Thangjom\Desktop\Projects\IMB360-Test\android\\gradle\wrapper\gradle-wrapper.jar app:installDebug -PreactNativeDevServerPort=8081 -PreactNativeArchitectures=arm64-v8a

Host: AMD Ryzen 5 7535HS with Radeon Graphics        , 12 cores, 15G,  Windows 11 , 64 bit Build 26100 (10.0.26100.8328)
Time: Sun Jun  7 19:41:54 2026 India Standard Time elapsed time: 64.497571 seconds (0d 0h 1m 4s)

---------------  T H R E A D  ---------------

Current thread (0x00000218722102e0):  JavaThread "main" [_thread_in_vm, id=12888, stack(0x000000edd6c00000,0x000000edd6d00000)]

Stack: [0x000000edd6c00000,0x000000edd6d00000]
Native frames: (J=compiled Java code, j=interpreted, Vv=VM code, C=native code)
V  [jvm.dll+0x67a04a]
V  [jvm.dll+0x7da4ed]
V  [jvm.dll+0x7dbe33]
V  [jvm.dll+0x7dc4a3]
V  [jvm.dll+0x24508f]
V  [jvm.dll+0x7d60bb]
V  [jvm.dll+0x6206c6]
V  [jvm.dll+0x62072a]
V  [jvm.dll+0x622f4d]
V  [jvm.dll+0x621086]
V  [jvm.dll+0x62af77]
V  [jvm.dll+0x1e84b2]
V  [jvm.dll+0x1e89d5]
V  [jvm.dll+0x1e931b]
V  [jvm.dll+0x1dea41]
V  [jvm.dll+0x53f78c]
V  [jvm.dll+0x1ef3ca]
V  [jvm.dll+0x7547ad]
V  [jvm.dll+0x755bc6]
V  [jvm.dll+0x755ef8]
V  [jvm.dll+0x23d13b]
V  [jvm.dll+0x37d08e]
C  0x000002180754b706

Java frames: (J=compiled Java code, j=interpreted, Vv=VM code)
j  java.io.ObjectInputStream.readNonProxyDesc(Z)Ljava/io/ObjectStreamClass;+20 java.base@17.0.12
j  java.io.ObjectInputStream.readClassDesc(Z)Ljava/io/ObjectStreamClass;+72 java.base@17.0.12
j  java.io.ObjectInputStream.readOrdinaryObject(Z)Ljava/lang/Object;+22 java.base@17.0.12
j  java.io.ObjectInputStream.readObject0(Ljava/lang/Class;Z)Ljava/lang/Object;+494 java.base@17.0.12
j  java.io.ObjectInputStream.readObject(Ljava/lang/Class;)Ljava/lang/Object;+42 java.base@17.0.12
j  java.io.ObjectInputStream.readObject()Ljava/lang/Object;+3 java.base@17.0.12
j  org.gradle.internal.serialize.Message.receive(Ljava/io/InputStream;Ljava/lang/ClassLoader;)Ljava/lang/Object;+11
j  org.gradle.internal.serialize.BaseSerializerFactory$ThrowableSerializer.read(Lorg/gradle/internal/serialize/Decoder;)Ljava/lang/Throwable;+13
j  org.gradle.internal.serialize.BaseSerializerFactory$ThrowableSerializer.read(Lorg/gradle/internal/serialize/Decoder;)Ljava/lang/Object;+2
j  org.gradle.internal.logging.serializer.LogEventSerializer.read(Lorg/gradle/internal/serialize/Decoder;)Lorg/gradle/internal/logging/events/LogEvent;+43
j  org.gradle.internal.logging.serializer.LogEventSerializer.read(Lorg/gradle/internal/serialize/Decoder;)Ljava/lang/Object;+2
J 1417 c1 org.gradle.internal.serialize.DefaultSerializerRegistry$TaggedTypeSerializer.read(Lorg/gradle/internal/serialize/Decoder;)Ljava/lang/Object; (69 bytes) @ 0x0000021800297654 [0x0000021800296cc0+0x0000000000000994]
J 1436 c1 org.gradle.launcher.daemon.protocol.DaemonMessageSerializer$OutputMessageSerializer.read(Lorg/gradle/internal/serialize/Decoder;)Ljava/lang/Object; (6 bytes) @ 0x00000218002a4f8c [0x00000218002a4de0+0x00000000000001ac]
J 1417 c1 org.gradle.internal.serialize.DefaultSerializerRegistry$TaggedTypeSerializer.read(Lorg/gradle/internal/serialize/Decoder;)Ljava/lang/Object; (69 bytes) @ 0x0000021800297654 [0x0000021800296cc0+0x0000000000000994]
J 1497 c1 org.gradle.internal.remote.internal.inet.SocketConnection.receive()Ljava/lang/Object; (142 bytes) @ 0x00000218002c416c [0x00000218002c3fc0+0x00000000000001ac]
J 1496 c1 org.gradle.launcher.daemon.client.DaemonClientConnection.receive()Lorg/gradle/launcher/daemon/protocol/Message; (81 bytes) @ 0x00000218002c275c [0x00000218002c26a0+0x00000000000000bc]
j  org.gradle.launcher.daemon.client.DaemonClient.monitorBuild(Lorg/gradle/launcher/daemon/protocol/Build;Lorg/gradle/launcher/daemon/diagnostics/DaemonDiagnostics;Lorg/gradle/launcher/daemon/client/DaemonClientConnection;Lorg/gradle/initialization/BuildCancellationToken;Lorg/gradle/initialization/BuildEventConsumer;)Ljava/lang/Object;+39
j  org.gradle.launcher.daemon.client.DaemonClient.executeBuild(Lorg/gradle/launcher/daemon/protocol/Build;Lorg/gradle/launcher/daemon/client/DaemonClientConnection;Lorg/gradle/initialization/BuildCancellationToken;Lorg/gradle/initialization/BuildEventConsumer;)Lorg/gradle/launcher/exec/BuildActionResult;+128
j  org.gradle.launcher.daemon.client.DaemonClient.execute(Lorg/gradle/internal/invocation/BuildAction;Lorg/gradle/launcher/exec/BuildActionParameters;Lorg/gradle/internal/daemon/client/execution/ClientBuildRequestContext;)Lorg/gradle/launcher/exec/BuildActionResult;+129
j  org.gradle.launcher.daemon.client.DaemonClient.execute(Lorg/gradle/internal/invocation/BuildAction;Ljava/lang/Object;Ljava/lang/Object;)Lorg/gradle/launcher/exec/BuildActionResult;+10
j  org.gradle.launcher.cli.RunBuildAction.run()V+67
j  org.gradle.internal.Actions$RunnableActionAdapter.execute(Ljava/lang/Object;)V+4
j  org.gradle.launcher.cli.DefaultCommandLineActionFactory$ParseAndBuildAction.execute(Lorg/gradle/launcher/bootstrap/ExecutionListener;)V+129
j  org.gradle.launcher.cli.DefaultCommandLineActionFactory$ParseAndBuildAction.execute(Ljava/lang/Object;)V+5
j  org.gradle.launcher.cli.DebugLoggerWarningAction.execute(Lorg/gradle/launcher/bootstrap/ExecutionListener;)V+9
j  org.gradle.launcher.cli.DebugLoggerWarningAction.execute(Ljava/lang/Object;)V+5
j  org.gradle.launcher.cli.WelcomeMessageAction.execute(Lorg/gradle/launcher/bootstrap/ExecutionListener;)V+218
j  org.gradle.launcher.cli.WelcomeMessageAction.execute(Ljava/lang/Object;)V+5
j  org.gradle.launcher.cli.NativeServicesInitializingAction.execute(Lorg/gradle/launcher/bootstrap/ExecutionListener;)V+38
j  org.gradle.launcher.cli.NativeServicesInitializingAction.execute(Ljava/lang/Object;)V+5
j  org.gradle.launcher.cli.ExceptionReportingAction.execute(Lorg/gradle/launcher/bootstrap/ExecutionListener;)V+5
j  org.gradle.launcher.cli.ExceptionReportingAction.execute(Ljava/lang/Object;)V+5
j  org.gradle.launcher.cli.DefaultCommandLineActionFactory$WithLogging.execute(Lorg/gradle/launcher/bootstrap/ExecutionListener;)V+309
j  org.gradle.launcher.Main.doAction([Ljava/lang/String;Lorg/gradle/launcher/bootstrap/ExecutionListener;)V+14
j  org.gradle.launcher.bootstrap.EntryPoint.run([Ljava/lang/String;)V+12
v  ~StubRoutines::call_stub
j  jdk.internal.reflect.NativeMethodAccessorImpl.invoke0(Ljava/lang/reflect/Method;Ljava/lang/Object;[Ljava/lang/Object;)Ljava/lang/Object;+0 java.base@17.0.12
j  jdk.internal.reflect.NativeMethodAccessorImpl.invoke(Ljava/lang/Object;[Ljava/lang/Object;)Ljava/lang/Object;+133 java.base@17.0.12
j  jdk.internal.reflect.DelegatingMethodAccessorImpl.invoke(Ljava/lang/Object;[Ljava/lang/Object;)Ljava/lang/Object;+6 java.base@17.0.12
j  java.lang.reflect.Method.invoke(Ljava/lang/Object;[Ljava/lang/Object;)Ljava/lang/Object;+59 java.base@17.0.12
j  org.gradle.launcher.bootstrap.ProcessBootstrap.runNoExit(Ljava/lang/String;Ljava/lang/String;Ljava/lang/String;[Ljava/lang/String;)V+205
j  org.gradle.launcher.bootstrap.ProcessBootstrap.run(Ljava/lang/String;Ljava/lang/String;Ljava/lang/String;[Ljava/lang/String;)V+4
j  org.gradle.launcher.GradleMain.main([Ljava/lang/String;)V+10
v  ~StubRoutines::call_stub
j  jdk.internal.reflect.NativeMethodAccessorImpl.invoke0(Ljava/lang/reflect/Method;Ljava/lang/Object;[Ljava/lang/Object;)Ljava/lang/Object;+0 java.base@17.0.12
j  jdk.internal.reflect.NativeMethodAccessorImpl.invoke(Ljava/lang/Object;[Ljava/lang/Object;)Ljava/lang/Object;+133 java.base@17.0.12
j  jdk.internal.reflect.DelegatingMethodAccessorImpl.invoke(Ljava/lang/Object;[Ljava/lang/Object;)Ljava/lang/Object;+6 java.base@17.0.12
j  java.lang.reflect.Method.invoke(Ljava/lang/Object;[Ljava/lang/Object;)Ljava/lang/Object;+59 java.base@17.0.12
j  org.gradle.wrapper.GradleWrapperMain.main([Ljava/lang/String;)V+1825
v  ~StubRoutines::call_stub

---------------  P R O C E S S  ---------------

Threads class SMR info:
_java_thread_list=0x000002187dfe4810, length=13, elements={
0x00000218722102e0, 0x00000218722ca080, 0x00000218722cb7b0, 0x000002187cde4560,
0x000002187cde6f30, 0x000002187cde8460, 0x000002187cde9990, 0x000002187cdeb1f0,
0x000002187cdf0c40, 0x000002187cdfa1c0, 0x000002187d042ed0, 0x000002187d0453c0,
0x000002187e3626d0
}

Java Threads: ( => current thread )
=>0x00000218722102e0 JavaThread "main" [_thread_in_vm, id=12888, stack(0x000000edd6c00000,0x000000edd6d00000)]
  0x00000218722ca080 JavaThread "Reference Handler" daemon [_thread_blocked, id=2732, stack(0x000000edd7300000,0x000000edd7400000)]
  0x00000218722cb7b0 JavaThread "Finalizer" daemon [_thread_blocked, id=19036, stack(0x000000edd7400000,0x000000edd7500000)]
  0x000002187cde4560 JavaThread "Signal Dispatcher" daemon [_thread_blocked, id=588, stack(0x000000edd7500000,0x000000edd7600000)]
  0x000002187cde6f30 JavaThread "Attach Listener" daemon [_thread_blocked, id=10324, stack(0x000000edd7600000,0x000000edd7700000)]
  0x000002187cde8460 JavaThread "Service Thread" daemon [_thread_blocked, id=8116, stack(0x000000edd7700000,0x000000edd7800000)]
  0x000002187cde9990 JavaThread "Monitor Deflation Thread" daemon [_thread_blocked, id=13500, stack(0x000000edd7800000,0x000000edd7900000)]
  0x000002187cdeb1f0 JavaThread "C2 CompilerThread0" daemon [_thread_blocked, id=6468, stack(0x000000edd7900000,0x000000edd7a00000)]
  0x000002187cdf0c40 JavaThread "C1 CompilerThread0" daemon [_thread_in_vm, id=8648, stack(0x000000edd7a00000,0x000000edd7b00000)]
  0x000002187cdfa1c0 JavaThread "Sweeper thread" daemon [_thread_blocked, id=8564, stack(0x000000edd7b00000,0x000000edd7c00000)]
  0x000002187d042ed0 JavaThread "Notification Thread" daemon [_thread_blocked, id=13496, stack(0x000000edd7c00000,0x000000edd7d00000)]
  0x000002187d0453c0 JavaThread "Common-Cleaner" daemon [_thread_blocked, id=15772, stack(0x000000edd7e00000,0x000000edd7f00000)]
  0x000002187e3626d0 JavaThread "pool-1-thread-1" [_thread_blocked, id=17924, stack(0x000000edd8400000,0x000000edd8500000)]

Other Threads:
  0x00000218722c3620 VMThread "VM Thread" [stack: 0x000000edd7200000,0x000000edd7300000] [id=2100]
  0x0000021872256f40 WatcherThread [stack: 0x000000edd7d00000,0x000000edd7e00000] [id=16596]
  0x00000218722311f0 GCTaskThread "GC Thread#0" [stack: 0x000000edd6d00000,0x000000edd6e00000] [id=10316]
  0x000002187d49fd30 GCTaskThread "GC Thread#1" [stack: 0x000000edd8000000,0x000000edd8100000] [id=16652]
  0x000002187d427380 GCTaskThread "GC Thread#2" [stack: 0x000000edd8100000,0x000000edd8200000] [id=8784]
  0x000002187d48a150 GCTaskThread "GC Thread#3" [stack: 0x000000edd8200000,0x000000edd8300000] [id=8804]
  0x000002187d426bd0 GCTaskThread "GC Thread#4" [stack: 0x000000edd7f00000,0x000000edd8000000] [id=3572]
  0x000002187d8bccf0 GCTaskThread "GC Thread#5" [stack: 0x000000edd8300000,0x000000edd8400000] [id=8352]
  0x000002187e7e8840 GCTaskThread "GC Thread#6" [stack: 0x000000edd8500000,0x000000edd8600000] [id=18796]
  0x000002187e7e8b00 GCTaskThread "GC Thread#7" [stack: 0x000000edd8600000,0x000000edd8700000] [id=2072]
  0x0000021872232940 ConcurrentGCThread "G1 Main Marker" [stack: 0x000000edd6e00000,0x000000edd6f00000] [id=17232]
  0x0000021872235030 ConcurrentGCThread "G1 Conc#0" [stack: 0x000000edd6f00000,0x000000edd7000000] [id=5540]
  0x00000218722a8790 ConcurrentGCThread "G1 Refine#0" [stack: 0x000000edd7000000,0x000000edd7100000] [id=13340]
  0x000002187d3c85c0 ConcurrentGCThread "G1 Refine#1" [stack: 0x000000edd8700000,0x000000edd8800000] [id=3352]
  0x00000218722a91c0 ConcurrentGCThread "G1 Service" [stack: 0x000000edd7100000,0x000000edd7200000] [id=15276]

Threads with active compile tasks:
C1 CompilerThread0    66541 1741       3       java.util.concurrent.ScheduledThreadPoolExecutor$ScheduledFutureTask::setNextRunTime (38 bytes)

VM state: not at safepoint (normal execution)

VM Mutex/Monitor currently owned by a thread:  ([mutex/lock_event])
[0x000002187220cbf0] Metaspace_lock - owner thread: 0x00000218722102e0
[0x000002187220ec00] MethodData_lock - owner thread: 0x000002187cdf0c40

Heap address: 0x00000000fc000000, size: 64 MB, Compressed Oops mode: 32-bit

CDS archive(s) mapped at: [0x000002180f000000-0x000002180fbd0000-0x000002180fbd0000), size 12386304, SharedBaseAddress: 0x000002180f000000, ArchiveRelocationMode: 1.
Compressed class space mapped at: 0x0000021810000000-0x0000021850000000, reserved size: 1073741824
Narrow klass base: 0x000002180f000000, Narrow klass shift: 0, Narrow klass range: 0x100000000

GC Precious Log:
 CPUs: 12 total, 12 available
 Memory: 15571M
 Large Page Support: Disabled
 NUMA Support: Disabled
 Compressed Oops: Enabled (32-bit)
 Heap Region Size: 1M
 Heap Min Capacity: 64M
 Heap Initial Capacity: 64M
 Heap Max Capacity: 64M
 Pre-touch: Disabled
 Parallel Workers: 10
 Concurrent Workers: 3
 Concurrent Refinement Workers: 10
 Periodic GC: Disabled

Heap:
 garbage-first heap   total 65536K, used 19381K [0x00000000fc000000, 0x0000000100000000)
  region size 1024K, 12 young (12288K), 4 survivors (4096K)
 Metaspace       used 9279K, committed 9472K, reserved 1114112K
  class space    used 1209K, committed 1344K, reserved 1048576K

Heap Regions: E=young(eden), S=young(survivor), O=old, HS=humongous(starts), HC=humongous(continues), CS=collection set, F=free, OA=open archive, CA=closed archive, TAMS=top-at-mark-start (previous, next)
|   0|0x00000000fc000000, 0x00000000fc100000, 0x00000000fc100000|100%|HS|  |TAMS 0x00000000fc000000, 0x00000000fc000000| Complete 
|   1|0x00000000fc100000, 0x00000000fc200000, 0x00000000fc200000|100%|HC|  |TAMS 0x00000000fc100000, 0x00000000fc100000| Complete 
|   2|0x00000000fc200000, 0x00000000fc300000, 0x00000000fc300000|100%|HC|  |TAMS 0x00000000fc200000, 0x00000000fc200000| Complete 
|   3|0x00000000fc300000, 0x00000000fc400000, 0x00000000fc400000|100%|HC|  |TAMS 0x00000000fc300000, 0x00000000fc300000| Complete 
|   4|0x00000000fc400000, 0x00000000fc500000, 0x00000000fc500000|100%| O|  |TAMS 0x00000000fc400000, 0x00000000fc400000| Untracked 
|   5|0x00000000fc500000, 0x00000000fc600000, 0x00000000fc600000|100%| O|  |TAMS 0x00000000fc500000, 0x00000000fc500000| Untracked 
|   6|0x00000000fc600000, 0x00000000fc700000, 0x00000000fc700000|100%| O|  |TAMS 0x00000000fc600000, 0x00000000fc600000| Untracked 
|   7|0x00000000fc700000, 0x00000000fc7ed600, 0x00000000fc800000| 92%| O|  |TAMS 0x00000000fc700000, 0x00000000fc700000| Untracked 
|   8|0x00000000fc800000, 0x00000000fc800000, 0x00000000fc900000|  0%| F|  |TAMS 0x00000000fc800000, 0x00000000fc800000| Untracked 
|   9|0x00000000fc900000, 0x00000000fc900000, 0x00000000fca00000|  0%| F|  |TAMS 0x00000000fc900000, 0x00000000fc900000| Untracked 
|  10|0x00000000fca00000, 0x00000000fca00000, 0x00000000fcb00000|  0%| F|  |TAMS 0x00000000fca00000, 0x00000000fca00000| Untracked 
|  11|0x00000000fcb00000, 0x00000000fcb00000, 0x00000000fcc00000|  0%| F|  |TAMS 0x00000000fcb00000, 0x00000000fcb00000| Untracked 
|  12|0x00000000fcc00000, 0x00000000fcc00000, 0x00000000fcd00000|  0%| F|  |TAMS 0x00000000fcc00000, 0x00000000fcc00000| Untracked 
|  13|0x00000000fcd00000, 0x00000000fcd00000, 0x00000000fce00000|  0%| F|  |TAMS 0x00000000fcd00000, 0x00000000fcd00000| Untracked 
|  14|0x00000000fce00000, 0x00000000fce00000, 0x00000000fcf00000|  0%| F|  |TAMS 0x00000000fce00000, 0x00000000fce00000| Untracked 
|  15|0x00000000fcf00000, 0x00000000fcf00000, 0x00000000fd000000|  0%| F|  |TAMS 0x00000000fcf00000, 0x00000000fcf00000| Untracked 
|  16|0x00000000fd000000, 0x00000000fd000000, 0x00000000fd100000|  0%| F|  |TAMS 0x00000000fd000000, 0x00000000fd000000| Untracked 
|  17|0x00000000fd100000, 0x00000000fd100000, 0x00000000fd200000|  0%| F|  |TAMS 0x00000000fd100000, 0x00000000fd100000| Untracked 
|  18|0x00000000fd200000, 0x00000000fd200000, 0x00000000fd300000|  0%| F|  |TAMS 0x00000000fd200000, 0x00000000fd200000| Untracked 
|  19|0x00000000fd300000, 0x00000000fd300000, 0x00000000fd400000|  0%| F|  |TAMS 0x00000000fd300000, 0x00000000fd300000| Untracked 
|  20|0x00000000fd400000, 0x00000000fd400000, 0x00000000fd500000|  0%| F|  |TAMS 0x00000000fd400000, 0x00000000fd400000| Untracked 
|  21|0x00000000fd500000, 0x00000000fd500000, 0x00000000fd600000|  0%| F|  |TAMS 0x00000000fd500000, 0x00000000fd500000| Untracked 
|  22|0x00000000fd600000, 0x00000000fd600000, 0x00000000fd700000|  0%| F|  |TAMS 0x00000000fd600000, 0x00000000fd600000| Untracked 
|  23|0x00000000fd700000, 0x00000000fd700000, 0x00000000fd800000|  0%| F|  |TAMS 0x00000000fd700000, 0x00000000fd700000| Untracked 
|  24|0x00000000fd800000, 0x00000000fd800000, 0x00000000fd900000|  0%| F|  |TAMS 0x00000000fd800000, 0x00000000fd800000| Untracked 
|  25|0x00000000fd900000, 0x00000000fd900000, 0x00000000fda00000|  0%| F|  |TAMS 0x00000000fd900000, 0x00000000fd900000| Untracked 
|  26|0x00000000fda00000, 0x00000000fda00000, 0x00000000fdb00000|  0%| F|  |TAMS 0x00000000fda00000, 0x00000000fda00000| Untracked 
|  27|0x00000000fdb00000, 0x00000000fdb00000, 0x00000000fdc00000|  0%| F|  |TAMS 0x00000000fdb00000, 0x00000000fdb00000| Untracked 
|  28|0x00000000fdc00000, 0x00000000fdd00000, 0x00000000fdd00000|100%| S|CS|TAMS 0x00000000fdc00000, 0x00000000fdc00000| Complete 
|  29|0x00000000fdd00000, 0x00000000fde00000, 0x00000000fde00000|100%| S|CS|TAMS 0x00000000fdd00000, 0x00000000fdd00000| Complete 
|  30|0x00000000fde00000, 0x00000000fdf00000, 0x00000000fdf00000|100%| S|CS|TAMS 0x00000000fde00000, 0x00000000fde00000| Complete 
|  31|0x00000000fdf00000, 0x00000000fe000000, 0x00000000fe000000|100%| S|CS|TAMS 0x00000000fdf00000, 0x00000000fdf00000| Complete 
|  32|0x00000000fe000000, 0x00000000fe000000, 0x00000000fe100000|  0%| F|  |TAMS 0x00000000fe000000, 0x00000000fe000000| Untracked 
|  33|0x00000000fe100000, 0x00000000fe100000, 0x00000000fe200000|  0%| F|  |TAMS 0x00000000fe100000, 0x00000000fe100000| Untracked 
|  34|0x00000000fe200000, 0x00000000fe200000, 0x00000000fe300000|  0%| F|  |TAMS 0x00000000fe200000, 0x00000000fe200000| Untracked 
|  35|0x00000000fe300000, 0x00000000fe300000, 0x00000000fe400000|  0%| F|  |TAMS 0x00000000fe300000, 0x00000000fe300000| Untracked 
|  36|0x00000000fe400000, 0x00000000fe400000, 0x00000000fe500000|  0%| F|  |TAMS 0x00000000fe400000, 0x00000000fe400000| Untracked 
|  37|0x00000000fe500000, 0x00000000fe500000, 0x00000000fe600000|  0%| F|  |TAMS 0x00000000fe500000, 0x00000000fe500000| Untracked 
|  38|0x00000000fe600000, 0x00000000fe600000, 0x00000000fe700000|  0%| F|  |TAMS 0x00000000fe600000, 0x00000000fe600000| Untracked 
|  39|0x00000000fe700000, 0x00000000fe700000, 0x00000000fe800000|  0%| F|  |TAMS 0x00000000fe700000, 0x00000000fe700000| Untracked 
|  40|0x00000000fe800000, 0x00000000fe800000, 0x00000000fe900000|  0%| F|  |TAMS 0x00000000fe800000, 0x00000000fe800000| Untracked 
|  41|0x00000000fe900000, 0x00000000fe900000, 0x00000000fea00000|  0%| F|  |TAMS 0x00000000fe900000, 0x00000000fe900000| Untracked 
|  42|0x00000000fea00000, 0x00000000fea00000, 0x00000000feb00000|  0%| F|  |TAMS 0x00000000fea00000, 0x00000000fea00000| Untracked 
|  43|0x00000000feb00000, 0x00000000feb00000, 0x00000000fec00000|  0%| F|  |TAMS 0x00000000feb00000, 0x00000000feb00000| Untracked 
|  44|0x00000000fec00000, 0x00000000fec00000, 0x00000000fed00000|  0%| F|  |TAMS 0x00000000fec00000, 0x00000000fec00000| Untracked 
|  45|0x00000000fed00000, 0x00000000fed00000, 0x00000000fee00000|  0%| F|  |TAMS 0x00000000fed00000, 0x00000000fed00000| Untracked 
|  46|0x00000000fee00000, 0x00000000fee00000, 0x00000000fef00000|  0%| F|  |TAMS 0x00000000fee00000, 0x00000000fee00000| Untracked 
|  47|0x00000000fef00000, 0x00000000fef00000, 0x00000000ff000000|  0%| F|  |TAMS 0x00000000fef00000, 0x00000000fef00000| Untracked 
|  48|0x00000000ff000000, 0x00000000ff000000, 0x00000000ff100000|  0%| F|  |TAMS 0x00000000ff000000, 0x00000000ff000000| Untracked 
|  49|0x00000000ff100000, 0x00000000ff100000, 0x00000000ff200000|  0%| F|  |TAMS 0x00000000ff100000, 0x00000000ff100000| Untracked 
|  50|0x00000000ff200000, 0x00000000ff200000, 0x00000000ff300000|  0%| F|  |TAMS 0x00000000ff200000, 0x00000000ff200000| Untracked 
|  51|0x00000000ff300000, 0x00000000ff300000, 0x00000000ff400000|  0%| F|  |TAMS 0x00000000ff300000, 0x00000000ff300000| Untracked 
|  52|0x00000000ff400000, 0x00000000ff400000, 0x00000000ff500000|  0%| F|  |TAMS 0x00000000ff400000, 0x00000000ff400000| Untracked 
|  53|0x00000000ff500000, 0x00000000ff500000, 0x00000000ff600000|  0%| F|  |TAMS 0x00000000ff500000, 0x00000000ff500000| Untracked 
|  54|0x00000000ff600000, 0x00000000ff600000, 0x00000000ff700000|  0%| F|  |TAMS 0x00000000ff600000, 0x00000000ff600000| Untracked 
|  55|0x00000000ff700000, 0x00000000ff700000, 0x00000000ff800000|  0%| F|  |TAMS 0x00000000ff700000, 0x00000000ff700000| Untracked 
|  56|0x00000000ff800000, 0x00000000ff8a1cc8, 0x00000000ff900000| 63%| E|  |TAMS 0x00000000ff800000, 0x00000000ff800000| Complete 
|  57|0x00000000ff900000, 0x00000000ffa00000, 0x00000000ffa00000|100%| E|CS|TAMS 0x00000000ff900000, 0x00000000ff900000| Complete 
|  58|0x00000000ffa00000, 0x00000000ffb00000, 0x00000000ffb00000|100%| E|CS|TAMS 0x00000000ffa00000, 0x00000000ffa00000| Complete 
|  59|0x00000000ffb00000, 0x00000000ffc00000, 0x00000000ffc00000|100%| E|CS|TAMS 0x00000000ffb00000, 0x00000000ffb00000| Complete 
|  60|0x00000000ffc00000, 0x00000000ffd00000, 0x00000000ffd00000|100%| E|CS|TAMS 0x00000000ffc00000, 0x00000000ffc00000| Complete 
|  61|0x00000000ffd00000, 0x00000000ffe00000, 0x00000000ffe00000|100%| E|CS|TAMS 0x00000000ffd00000, 0x00000000ffd00000| Complete 
|  62|0x00000000ffe00000, 0x00000000fff00000, 0x00000000fff00000|100%| E|CS|TAMS 0x00000000ffe00000, 0x00000000ffe00000| Complete 
|  63|0x00000000fff00000, 0x0000000100000000, 0x0000000100000000|100%| E|CS|TAMS 0x00000000fff00000, 0x00000000fff00000| Complete 

Card table byte_map: [0x00000218703d0000,0x00000218703f0000] _byte_map_base: 0x000002186fbf0000

Marking Bits (Prev, Next): (CMBitMap*) 0x0000021872231810, (CMBitMap*) 0x0000021872231850
 Prev Bits: [0x000002187a020000, 0x000002187a120000)
 Next Bits: [0x000002187a120000, 0x000002187a220000)

Polling page: 0x0000021870380000

Metaspace:

Usage:
  Non-class:      7.88 MB used.
      Class:      1.18 MB used.
       Both:      9.06 MB used.

Virtual space:
  Non-class space:       64.00 MB reserved,       7.94 MB ( 12%) committed,  1 nodes.
      Class space:        1.00 GB reserved,       1.31 MB ( <1%) committed,  1 nodes.
             Both:        1.06 GB reserved,       9.25 MB ( <1%) committed. 

Chunk freelists:
   Non-Class:  7.89 MB
       Class:  14.55 MB
        Both:  22.44 MB

MaxMetaspaceSize: unlimited
CompressedClassSpaceSize: 1.00 GB
Initial GC threshold: 21.00 MB
Current GC threshold: 21.00 MB
CDS: on
MetaspaceReclaimPolicy: balanced
 - commit_granule_bytes: 65536.
 - commit_granule_words: 8192.
 - virtual_space_node_default_size: 8388608.
 - enlarge_chunks_in_place: 1.
 - new_chunks_are_fully_committed: 0.
 - uncommit_free_chunks: 1.
 - use_allocation_guard: 0.
 - handle_deallocations: 1.


Internal statistics:

num_allocs_failed_limit: 0.
num_arena_births: 74.
num_arena_deaths: 0.
num_vsnodes_births: 2.
num_vsnodes_deaths: 0.
num_space_committed: 148.
num_space_uncommitted: 0.
num_chunks_returned_to_freelist: 0.
num_chunks_taken_from_freelist: 329.
num_chunk_merges: 0.
num_chunk_splits: 211.
num_chunks_enlarged: 174.
num_inconsistent_stats: 0.

CodeHeap 'non-profiled nmethods': size=120000Kb used=755Kb max_used=755Kb free=119244Kb
 bounds [0x0000021807ad0000, 0x0000021807d40000, 0x000002180f000000]
CodeHeap 'profiled nmethods': size=120000Kb used=3333Kb max_used=3333Kb free=116666Kb
 bounds [0x0000021800000000, 0x0000021800350000, 0x0000021807530000]
CodeHeap 'non-nmethods': size=5760Kb used=1164Kb max_used=1189Kb free=4595Kb
 bounds [0x0000021807530000, 0x00000218077a0000, 0x0000021807ad0000]
 total_blobs=2196 nmethods=1737 adapters=372
 compilation: enabled
              stopped_count=0, restarted_count=0
 full_count=0

Compilation events (20 events):
Event: 51.803 Thread 0x000002187cdf0c40 1728       3       java.util.concurrent.locks.AbstractQueuedSynchronizer$Node::<init> (5 bytes)
Event: 51.803 Thread 0x000002187cdf0c40 nmethod 1728 0x000002180033bd10 code [0x000002180033bea0, 0x000002180033bff8]
Event: 51.803 Thread 0x000002187cdf0c40 1729       3       java.util.concurrent.locks.AbstractQueuedSynchronizer$ConditionObject::enableWait (84 bytes)
Event: 51.803 Thread 0x000002187cdf0c40 nmethod 1729 0x000002180033c090 code [0x000002180033c2a0, 0x000002180033c9e8]
Event: 51.803 Thread 0x000002187cdf0c40 1730       3       java.util.concurrent.locks.AbstractQueuedSynchronizer$Node::setStatusRelaxed (12 bytes)
Event: 51.803 Thread 0x000002187cdf0c40 nmethod 1730 0x000002180033cc90 code [0x000002180033ce20, 0x000002180033cf38]
Event: 51.897 Thread 0x000002187cdf0c40 1731       3       java.util.concurrent.ScheduledThreadPoolExecutor$ScheduledFutureTask::run (57 bytes)
Event: 51.898 Thread 0x000002187cdf0c40 nmethod 1731 0x000002180033d010 code [0x000002180033d220, 0x000002180033d678]
Event: 51.898 Thread 0x000002187cdf0c40 1732   !   3       java.util.concurrent.FutureTask::runAndReset (125 bytes)
Event: 51.899 Thread 0x000002187cdf0c40 nmethod 1732 0x000002180033d810 code [0x000002180033db40, 0x000002180033f278]
Event: 51.899 Thread 0x000002187cdf0c40 1733       3       java.util.concurrent.Executors$RunnableAdapter::call (14 bytes)
Event: 51.899 Thread 0x000002187cdf0c40 nmethod 1733 0x000002180033f990 code [0x000002180033fb40, 0x000002180033fd28]
Event: 51.899 Thread 0x000002187cdf0c40 1734       3       org.gradle.internal.logging.console.ThrottlingOutputEventListener$$Lambda$50/0x00000218100ab090::run (8 bytes)
Event: 52.912 Thread 0x000002187cdf0c40 nmethod 1734 0x000002180033fe10 code [0x000002180033ffc0, 0x0000021800340108]
Event: 52.913 Thread 0x000002187cdf0c40 1735   !   3       org.gradle.internal.logging.console.ThrottlingOutputEventListener::lambda$scheduleUpdateNow$0 (36 bytes)
Event: 52.913 Thread 0x000002187cdf0c40 nmethod 1735 0x0000021800340210 code [0x0000021800340460, 0x0000021800340d18]
Event: 52.913 Thread 0x000002187cdf0c40 1736       3       org.gradle.internal.logging.events.UpdateNowEvent::<init> (10 bytes)
Event: 52.913 Thread 0x000002187cdf0c40 nmethod 1736 0x0000021800341190 code [0x0000021800341340, 0x0000021800341518]
Event: 63.800 Thread 0x000002187cdeb1f0 1740       4       jdk.internal.misc.Unsafe::putReferenceOpaque (9 bytes)
Event: 63.801 Thread 0x000002187cdeb1f0 nmethod 1740 0x0000021807b8ca90 code [0x0000021807b8cc00, 0x0000021807b8cd38]

GC Heap History (4 events):
Event: 0.295 GC heap before
{Heap before GC invocations=0 (full 0):
 garbage-first heap   total 65536K, used 22528K [0x00000000fc000000, 0x0000000100000000)
  region size 1024K, 23 young (23552K), 0 survivors (0K)
 Metaspace       used 1681K, committed 1792K, reserved 1114112K
  class space    used 154K, committed 192K, reserved 1048576K
}
Event: 0.298 GC heap after
{Heap after GC invocations=1 (full 0):
 garbage-first heap   total 65536K, used 1824K [0x00000000fc000000, 0x0000000100000000)
  region size 1024K, 2 young (2048K), 2 survivors (2048K)
 Metaspace       used 1681K, committed 1792K, reserved 1114112K
  class space    used 154K, committed 192K, reserved 1048576K
}
Event: 0.929 GC heap before
{Heap before GC invocations=1 (full 0):
 garbage-first heap   total 65536K, used 35616K [0x00000000fc000000, 0x0000000100000000)
  region size 1024K, 32 young (32768K), 2 survivors (2048K)
 Metaspace       used 7086K, committed 7296K, reserved 1114112K
  class space    used 942K, committed 1024K, reserved 1048576K
}
Event: 0.933 GC heap after
{Heap after GC invocations=2 (full 0):
 garbage-first heap   total 65536K, used 12213K [0x00000000fc000000, 0x0000000100000000)
  region size 1024K, 4 young (4096K), 4 survivors (4096K)
 Metaspace       used 7086K, committed 7296K, reserved 1114112K
  class space    used 942K, committed 1024K, reserved 1048576K
}

Deoptimization events (20 events):
Event: 1.017 Thread 0x00000218722102e0 Uncommon trap: trap_request=0xffffffc6 fr.pc=0x0000021807b165c4 relative=0x0000000000000ba4
Event: 1.017 Thread 0x00000218722102e0 Uncommon trap: reason=bimorphic_or_optimized_type_check action=maybe_recompile pc=0x0000021807b165c4 method=java.util.HashMap.putVal(ILjava/lang/Object;Ljava/lang/Object;ZZ)Ljava/lang/Object; @ 203 c2
Event: 1.017 Thread 0x00000218722102e0 DEOPT PACKING pc=0x0000021807b165c4 sp=0x000000edd6cfa5e0
Event: 1.017 Thread 0x00000218722102e0 DEOPT UNPACKING pc=0x00000218075823a3 sp=0x000000edd6cfa518 mode 2
Event: 1.018 Thread 0x00000218722102e0 Uncommon trap: trap_request=0xffffffc6 fr.pc=0x0000021807b165c4 relative=0x0000000000000ba4
Event: 1.018 Thread 0x00000218722102e0 Uncommon trap: reason=bimorphic_or_optimized_type_check action=maybe_recompile pc=0x0000021807b165c4 method=java.util.HashMap.putVal(ILjava/lang/Object;Ljava/lang/Object;ZZ)Ljava/lang/Object; @ 203 c2
Event: 1.019 Thread 0x00000218722102e0 DEOPT PACKING pc=0x0000021807b165c4 sp=0x000000edd6cfa5e0
Event: 1.019 Thread 0x00000218722102e0 DEOPT UNPACKING pc=0x00000218075823a3 sp=0x000000edd6cfa518 mode 2
Event: 1.031 Thread 0x00000218722102e0 Uncommon trap: trap_request=0xffffffde fr.pc=0x0000021807b0c5f4 relative=0x0000000000000074
Event: 1.031 Thread 0x00000218722102e0 Uncommon trap: reason=class_check action=maybe_recompile pc=0x0000021807b0c5f4 method=java.util.AbstractList$Itr.hasNext()Z @ 8 c2
Event: 1.031 Thread 0x00000218722102e0 DEOPT PACKING pc=0x0000021807b0c5f4 sp=0x000000edd6cfc400
Event: 1.031 Thread 0x00000218722102e0 DEOPT UNPACKING pc=0x00000218075823a3 sp=0x000000edd6cfc398 mode 2
Event: 1.031 Thread 0x00000218722102e0 Uncommon trap: trap_request=0xffffffde fr.pc=0x0000021807b0cf54 relative=0x00000000000000b4
Event: 1.031 Thread 0x00000218722102e0 Uncommon trap: reason=class_check action=maybe_recompile pc=0x0000021807b0cf54 method=java.util.AbstractList$Itr.next()Ljava/lang/Object; @ 14 c2
Event: 1.031 Thread 0x00000218722102e0 DEOPT PACKING pc=0x0000021807b0cf54 sp=0x000000edd6cfc3f0
Event: 1.031 Thread 0x00000218722102e0 DEOPT UNPACKING pc=0x00000218075823a3 sp=0x000000edd6cfc388 mode 2
Event: 1.043 Thread 0x00000218722102e0 Uncommon trap: trap_request=0xffffffde fr.pc=0x0000021807b0c5f4 relative=0x0000000000000074
Event: 1.043 Thread 0x00000218722102e0 Uncommon trap: reason=class_check action=maybe_recompile pc=0x0000021807b0c5f4 method=java.util.AbstractList$Itr.hasNext()Z @ 8 c2
Event: 1.043 Thread 0x00000218722102e0 DEOPT PACKING pc=0x0000021807b0c5f4 sp=0x000000edd6cfd430
Event: 1.043 Thread 0x00000218722102e0 DEOPT UNPACKING pc=0x00000218075823a3 sp=0x000000edd6cfd3c8 mode 2

Classes unloaded (0 events):
No events

Classes redefined (0 events):
No events

Internal exceptions (20 events):
Event: 0.099 Thread 0x00000218722102e0 Exception <a 'java/lang/NoSuchMethodError'{0x00000000ffc08410}: 'int java.lang.invoke.DirectMethodHandle$Holder.invokeStaticInit(java.lang.Object, java.lang.Object)'> (0x00000000ffc08410) 
thrown [s\open\src\hotspot\share\interpreter\linkResolver.cpp, line 759]
Event: 0.512 Thread 0x00000218722102e0 Exception <a 'java/lang/NoSuchMethodError'{0x00000000ff39bc58}: 'java.lang.Object java.lang.invoke.DirectMethodHandle$Holder.invokeInterface(java.lang.Object, java.lang.Object)'> (0x00000000ff39bc58) 
thrown [s\open\src\hotspot\share\interpreter\linkResolver.cpp, line 759]
Event: 0.554 Thread 0x00000218722102e0 Exception <a 'java/lang/NoSuchMethodError'{0x00000000ff133ac8}: 'int java.lang.invoke.DirectMethodHandle$Holder.invokeStatic(java.lang.Object, java.lang.Object, int)'> (0x00000000ff133ac8) 
thrown [s\open\src\hotspot\share\interpreter\linkResolver.cpp, line 759]
Event: 0.624 Thread 0x00000218722102e0 Exception <a 'java/lang/NoSuchMethodError'{0x00000000fed1d338}: 'java.lang.Object java.lang.invoke.DirectMethodHandle$Holder.invokeStaticInit(java.lang.Object)'> (0x00000000fed1d338) 
thrown [s\open\src\hotspot\share\interpreter\linkResolver.cpp, line 759]
Event: 0.631 Thread 0x00000218722102e0 Exception <a 'java/lang/NoSuchMethodError'{0x00000000fed37f48}: 'int java.lang.invoke.DirectMethodHandle$Holder.invokeSpecial(java.lang.Object, java.lang.Object, java.lang.Object)'> (0x00000000fed37f48) 
thrown [s\open\src\hotspot\share\interpreter\linkResolver.cpp, line 759]
Event: 0.637 Thread 0x00000218722102e0 Exception <a 'java/lang/NoSuchMethodError'{0x00000000fed75bd8}: 'void java.lang.invoke.DirectMethodHandle$Holder.invokeStatic(java.lang.Object, java.lang.Object)'> (0x00000000fed75bd8) 
thrown [s\open\src\hotspot\share\interpreter\linkResolver.cpp, line 759]
Event: 0.638 Thread 0x00000218722102e0 Implicit null exception at 0x0000021807b3e80f to 0x0000021807b3ed38
Event: 0.668 Thread 0x00000218722102e0 Exception <a 'java/lang/NoSuchMethodError'{0x00000000feb20e80}: 'java.lang.Object java.lang.invoke.Invokers$Holder.invoker(java.lang.Object, java.lang.Object, java.lang.Object)'> (0x00000000feb20e80) 
thrown [s\open\src\hotspot\share\interpreter\linkResolver.cpp, line 759]
Event: 0.669 Thread 0x00000218722102e0 Exception <a 'java/lang/NoSuchMethodError'{0x00000000feb29fd8}: 'java.lang.Object java.lang.invoke.DirectMethodHandle$Holder.invokeStatic(java.lang.Object, java.lang.Object, int)'> (0x00000000feb29fd8) 
thrown [s\open\src\hotspot\share\interpreter\linkResolver.cpp, line 759]
Event: 0.670 Thread 0x00000218722102e0 Exception <a 'java/lang/NoSuchMethodError'{0x00000000feb35cc8}: 'void java.lang.invoke.DelegatingMethodHandle$Holder.delegate(java.lang.Object, java.lang.Object, int, java.lang.Object)'> (0x00000000feb35cc8) 
thrown [s\open\src\hotspot\share\interpreter\linkResolver.cpp, line 759]
Event: 0.671 Thread 0x00000218722102e0 Exception <a 'java/lang/NoSuchMethodError'{0x00000000feb49310}: 'java.lang.Object java.lang.invoke.Invokers$Holder.invokeExact_MT(java.lang.Object, java.lang.Object, java.lang.Object, java.lang.Object)'> (0x00000000feb49310) 
thrown [s\open\src\hotspot\share\interpreter\linkResolver.cpp, line 759]
Event: 0.676 Thread 0x00000218722102e0 Exception <a 'java/lang/NoSuchMethodError'{0x00000000feb77500}: 'java.lang.Object java.lang.invoke.DirectMethodHandle$Holder.invokeVirtual(java.lang.Object, java.lang.Object, java.lang.Object)'> (0x00000000feb77500) 
thrown [s\open\src\hotspot\share\interpreter\linkResolver.cpp, line 759]
Event: 0.729 Thread 0x00000218722102e0 Exception <a 'java/lang/NoSuchMethodError'{0x00000000fe6a8e18}: 'java.lang.Object java.lang.invoke.DirectMethodHandle$Holder.newInvokeSpecial(java.lang.Object, java.lang.Object, java.lang.Object, java.lang.Object, java.lang.Object)'> (0x00000000fe6a8e18) 
thrown [s\open\src\hotspot\share\interpreter\linkResolver.cpp, line 759]
Event: 0.743 Thread 0x00000218722102e0 Exception <a 'java/lang/NoSuchMethodError'{0x00000000fe5a2508}: 'void java.lang.invoke.DirectMethodHandle$Holder.invokeSpecial(java.lang.Object, java.lang.Object, java.lang.Object)'> (0x00000000fe5a2508) 
thrown [s\open\src\hotspot\share\interpreter\linkResolver.cpp, line 759]
Event: 0.745 Thread 0x00000218722102e0 Implicit null exception at 0x0000021807b1818c to 0x0000021807b18708
Event: 0.751 Thread 0x00000218722102e0 Implicit null exception at 0x0000021807b03f0f to 0x0000021807b03f89
Event: 0.884 Thread 0x00000218722102e0 Exception <a 'java/lang/NoSuchMethodError'{0x00000000fe3caf18}: 'void java.lang.invoke.DirectMethodHandle$Holder.invokeStatic(java.lang.Object, java.lang.Object, java.lang.Object)'> (0x00000000fe3caf18) 
thrown [s\open\src\hotspot\share\interpreter\linkResolver.cpp, line 759]
Event: 0.962 Thread 0x00000218722102e0 Exception <a 'java/lang/NoSuchMethodError'{0x00000000ffd7f120}: 'java.lang.Object java.lang.invoke.DirectMethodHandle$Holder.invokeStaticInit(java.lang.Object, int, int, int, int)'> (0x00000000ffd7f120) 
thrown [s\open\src\hotspot\share\interpreter\linkResolver.cpp, line 759]
Event: 0.990 Thread 0x00000218722102e0 Exception <a 'java/lang/NoSuchMethodError'{0x00000000ffdc3550}: 'java.lang.Object java.lang.invoke.DirectMethodHandle$Holder.invokeStaticInit(java.lang.Object, java.lang.Object, int, int, int, int)'> (0x00000000ffdc3550) 
thrown [s\open\src\hotspot\share\interpreter\linkResolver.cpp, line 759]
Event: 1.003 Thread 0x00000218722102e0 Implicit null exception at 0x0000021807b195f2 to 0x0000021807b19bc0

VM Operations (20 events):
Event: 7.119 Executing VM operation: Cleanup
Event: 7.119 Executing VM operation: Cleanup done
Event: 8.134 Executing VM operation: Cleanup
Event: 8.134 Executing VM operation: Cleanup done
Event: 9.148 Executing VM operation: Cleanup
Event: 9.148 Executing VM operation: Cleanup done
Event: 10.163 Executing VM operation: Cleanup
Event: 10.163 Executing VM operation: Cleanup done
Event: 30.322 Executing VM operation: Cleanup
Event: 30.322 Executing VM operation: Cleanup done
Event: 31.336 Executing VM operation: Cleanup
Event: 31.336 Executing VM operation: Cleanup done
Event: 36.397 Executing VM operation: Cleanup
Event: 36.397 Executing VM operation: Cleanup done
Event: 39.441 Executing VM operation: Cleanup
Event: 39.441 Executing VM operation: Cleanup done
Event: 53.557 Executing VM operation: Cleanup
Event: 53.557 Executing VM operation: Cleanup done
Event: 60.232 Executing VM operation: HandshakeAllThreads
Event: 60.233 Executing VM operation: HandshakeAllThreads done

Events (20 events):
Event: 35.483 loading class jdk/internal/logger/LazyLoggers$LazyLoggerFactories done
Event: 35.483 loading class jdk/internal/logger/LoggerFinderLoader
Event: 35.483 loading class jdk/internal/logger/LoggerFinderLoader done
Event: 35.484 loading class jdk/internal/logger/LoggerFinderLoader$TemporaryLoggerFinder
Event: 35.484 loading class jdk/internal/logger/LoggerFinderLoader$TemporaryLoggerFinder done
Event: 35.484 loading class sun/util/logging/internal/LoggingProviderImpl$JULWrapper
Event: 35.484 loading class sun/util/logging/PlatformLogger$ConfigurableBridge$LoggerConfiguration
Event: 35.484 loading class sun/util/logging/PlatformLogger$ConfigurableBridge$LoggerConfiguration done
Event: 35.484 loading class sun/util/logging/internal/LoggingProviderImpl$JULWrapper done
Event: 35.484 loading class java/io/ObjectInputFilter
Event: 35.484 loading class java/io/ObjectInputFilter done
Event: 35.485 loading class java/io/ObjectInputFilter$Config$BuiltinFilterFactory
Event: 35.485 loading class java/io/ObjectInputFilter$Config$BuiltinFilterFactory done
Event: 35.485 loading class jdk/internal/access/JavaObjectInputFilterAccess
Event: 35.485 loading class jdk/internal/access/JavaObjectInputFilterAccess done
Event: 35.485 loading class java/lang/System$Logger$Level
Event: 35.485 loading class java/lang/System$Logger$Level done
Event: 35.485 loading class java/io/Bits
Event: 35.485 loading class java/io/Bits done
Event: 62.472 loading class java/io/ObjectStreamClass


Dynamic libraries:
0x00007ff720150000 - 0x00007ff720160000 	C:\Program Files\Java\jdk-17\bin\java.exe
0x00007ff8a5e60000 - 0x00007ff8a60c7000 	C:\WINDOWS\SYSTEM32\ntdll.dll
0x00007ff8a50e0000 - 0x00007ff8a51a9000 	C:\WINDOWS\System32\KERNEL32.DLL
0x00007ff8a2c20000 - 0x00007ff8a3017000 	C:\WINDOWS\System32\KERNELBASE.dll
0x00007ff8a3170000 - 0x00007ff8a32bb000 	C:\WINDOWS\System32\ucrtbase.dll
0x00007ff889cd0000 - 0x00007ff889ce9000 	C:\Program Files\Java\jdk-17\bin\jli.dll
0x00007ff8982e0000 - 0x00007ff8982fb000 	C:\Program Files\Java\jdk-17\bin\VCRUNTIME140.dll
0x00007ff8a5650000 - 0x00007ff8a5706000 	C:\WINDOWS\System32\ADVAPI32.dll
0x00007ff8a4120000 - 0x00007ff8a41c9000 	C:\WINDOWS\System32\msvcrt.dll
0x00007ff8a3e20000 - 0x00007ff8a3ec7000 	C:\WINDOWS\System32\sechost.dll
0x00007ff8a4a20000 - 0x00007ff8a4b38000 	C:\WINDOWS\System32\RPCRT4.dll
0x00007ff8a4b40000 - 0x00007ff8a4d06000 	C:\WINDOWS\System32\USER32.dll
0x00007ff8a2b40000 - 0x00007ff8a2b67000 	C:\WINDOWS\System32\win32u.dll
0x00007ff887570000 - 0x00007ff887802000 	C:\WINDOWS\WinSxS\amd64_microsoft.windows.common-controls_6595b64144ccf1df_6.0.26100.8457_none_3e0b2faee331e92d\COMCTL32.dll
0x00007ff8a3fe0000 - 0x00007ff8a400b000 	C:\WINDOWS\System32\GDI32.dll
0x00007ff8a2890000 - 0x00007ff8a29bc000 	C:\WINDOWS\System32\gdi32full.dll
0x00007ff8a2b70000 - 0x00007ff8a2c13000 	C:\WINDOWS\System32\msvcp_win.dll
0x00007ff897a80000 - 0x00007ff897a8b000 	C:\WINDOWS\SYSTEM32\VERSION.dll
0x00007ff8a3de0000 - 0x00007ff8a3e12000 	C:\WINDOWS\System32\IMM32.DLL
0x00007ff8982d0000 - 0x00007ff8982dc000 	C:\Program Files\Java\jdk-17\bin\vcruntime140_1.dll
0x00007ff887d00000 - 0x00007ff887d8e000 	C:\Program Files\Java\jdk-17\bin\msvcp140.dll
0x00007fffff410000 - 0x00007fffffff0000 	C:\Program Files\Java\jdk-17\bin\server\jvm.dll
0x00007ff8a5c80000 - 0x00007ff8a5c88000 	C:\WINDOWS\System32\PSAPI.DLL
0x00007ff886e80000 - 0x00007ff886e8a000 	C:\WINDOWS\SYSTEM32\WSOCK32.dll
0x00007ff8a3ed0000 - 0x00007ff8a3f50000 	C:\WINDOWS\System32\WS2_32.dll
0x00007ff8989d0000 - 0x00007ff898a06000 	C:\WINDOWS\SYSTEM32\WINMM.dll
0x00007ff8a1620000 - 0x00007ff8a163b000 	C:\WINDOWS\SYSTEM32\kernel.appcore.dll
0x00007ff88c570000 - 0x00007ff88c57a000 	C:\Program Files\Java\jdk-17\bin\jimage.dll
0x00007ff896bd0000 - 0x00007ff896e12000 	C:\WINDOWS\SYSTEM32\DBGHELP.DLL
0x00007ff8a5710000 - 0x00007ff8a5a93000 	C:\WINDOWS\System32\combase.dll
0x00007ff8a4e30000 - 0x00007ff8a4f09000 	C:\WINDOWS\System32\OLEAUT32.dll
0x00007ff887e80000 - 0x00007ff887ebb000 	C:\WINDOWS\SYSTEM32\dbgcore.DLL
0x00007ff8a3b30000 - 0x00007ff8a3bd8000 	C:\WINDOWS\System32\bcryptPrimitives.dll
0x00007ff887cd0000 - 0x00007ff887cf5000 	C:\Program Files\Java\jdk-17\bin\java.dll
0x00007ff873880000 - 0x00007ff873957000 	C:\Program Files\Java\jdk-17\bin\jsvml.dll
0x00007ff8a42a0000 - 0x00007ff8a4a0e000 	C:\WINDOWS\System32\SHELL32.dll
0x00007ff8a32c0000 - 0x00007ff8a3b2c000 	C:\WINDOWS\System32\windows.storage.dll
0x00007ff8a4010000 - 0x00007ff8a4106000 	C:\WINDOWS\System32\SHCORE.dll
0x00007ff8a4230000 - 0x00007ff8a4296000 	C:\WINDOWS\System32\shlwapi.dll
0x00007ff8a27b0000 - 0x00007ff8a27d9000 	C:\WINDOWS\SYSTEM32\profapi.dll
0x00007ff888d10000 - 0x00007ff888d29000 	C:\Program Files\Java\jdk-17\bin\net.dll
0x00007ff898b00000 - 0x00007ff898c29000 	C:\WINDOWS\SYSTEM32\WINHTTP.dll
0x00007ff8a1b90000 - 0x00007ff8a1bfc000 	C:\WINDOWS\system32\mswsock.dll
0x00007ff887cb0000 - 0x00007ff887cc6000 	C:\Program Files\Java\jdk-17\bin\nio.dll
0x00007ff887c90000 - 0x00007ff887ca8000 	C:\Program Files\Java\jdk-17\bin\zip.dll
0x00007ff889a90000 - 0x00007ff889a9a000 	C:\Program Files\Java\jdk-17\bin\management.dll
0x00007ff888e80000 - 0x00007ff888e8b000 	C:\Program Files\Java\jdk-17\bin\management_ext.dll
0x00007ff887c60000 - 0x00007ff887c87000 	C:\Users\Graham Thangjom\.gradle\native\660c5614fbf4a5f2a75b1949f50a0caf5cd603558e7d8a26e50b933a0cfb79d1\windows-amd64\native-platform.dll
0x00007ff8a0f80000 - 0x00007ff8a0fb2000 	C:\WINDOWS\SYSTEM32\IPHLPAPI.DLL
0x00007ff8a51b0000 - 0x00007ff8a51ba000 	C:\WINDOWS\System32\NSI.dll
0x00007ff89cfc0000 - 0x00007ff89cfdd000 	C:\WINDOWS\SYSTEM32\dhcpcsvc6.DLL
0x00007ff89cd10000 - 0x00007ff89cd35000 	C:\WINDOWS\SYSTEM32\dhcpcsvc.DLL
0x00007ff8a0fc0000 - 0x00007ff8a10f2000 	C:\WINDOWS\SYSTEM32\DNSAPI.dll
0x00007ff8a1e70000 - 0x00007ff8a1e8b000 	C:\WINDOWS\SYSTEM32\CRYPTSP.dll
0x00007ff8a1580000 - 0x00007ff8a15b9000 	C:\WINDOWS\system32\rsaenh.dll
0x00007ff8a1c40000 - 0x00007ff8a1c73000 	C:\WINDOWS\SYSTEM32\USERENV.dll
0x00007ff8a2780000 - 0x00007ff8a27aa000 	C:\WINDOWS\SYSTEM32\bcrypt.dll
0x00007ff8a1e90000 - 0x00007ff8a1e9c000 	C:\WINDOWS\SYSTEM32\CRYPTBASE.dll
0x00007ff88b860000 - 0x00007ff88b86e000 	C:\Program Files\Java\jdk-17\bin\sunmscapi.dll
0x00007ff8a29c0000 - 0x00007ff8a2b38000 	C:\WINDOWS\System32\CRYPT32.dll
0x00007ff8a2090000 - 0x00007ff8a20c0000 	C:\WINDOWS\SYSTEM32\ncrypt.dll
0x00007ff8a2040000 - 0x00007ff8a207f000 	C:\WINDOWS\SYSTEM32\NTASN1.dll
0x00007ff886a80000 - 0x00007ff886a88000 	C:\WINDOWS\system32\wshunix.dll
0x00007ff888ab0000 - 0x00007ff888ac0000 	C:\Program Files\Java\jdk-17\bin\verify.dll

dbghelp: loaded successfully - version: 4.0.5 - missing functions: none
symbol engine: initialized successfully - sym options: 0x614 - pdb path: .;C:\Program Files\Java\jdk-17\bin;C:\WINDOWS\SYSTEM32;C:\WINDOWS\WinSxS\amd64_microsoft.windows.common-controls_6595b64144ccf1df_6.0.26100.8457_none_3e0b2faee331e92d;C:\Program Files\Java\jdk-17\bin\server;C:\Users\Graham Thangjom\.gradle\native\660c5614fbf4a5f2a75b1949f50a0caf5cd603558e7d8a26e50b933a0cfb79d1\windows-amd64

VM Arguments:
jvm_args: -Xmx64m -Xms64m -Dorg.gradle.appname=gradlew 
java_command: C:\Users\Graham Thangjom\Desktop\Projects\IMB360-Test\android\\gradle\wrapper\gradle-wrapper.jar app:installDebug -PreactNativeDevServerPort=8081 -PreactNativeArchitectures=arm64-v8a
java_class_path (initial): C:\Users\Graham Thangjom\Desktop\Projects\IMB360-Test\android\\gradle\wrapper\gradle-wrapper.jar
Launcher Type: SUN_STANDARD

[Global flags]
     intx CICompilerCount                          = 4                                         {product} {ergonomic}
     uint ConcGCThreads                            = 3                                         {product} {ergonomic}
     uint G1ConcRefinementThreads                  = 10                                        {product} {ergonomic}
   size_t G1HeapRegionSize                         = 1048576                                   {product} {ergonomic}
    uintx GCDrainStackTargetSize                   = 64                                        {product} {ergonomic}
   size_t InitialHeapSize                          = 67108864                                  {product} {command line}
   size_t MarkStackSize                            = 4194304                                   {product} {ergonomic}
   size_t MaxHeapSize                              = 67108864                                  {product} {command line}
   size_t MaxNewSize                               = 39845888                                  {product} {ergonomic}
   size_t MinHeapDeltaBytes                        = 1048576                                   {product} {ergonomic}
   size_t MinHeapSize                              = 67108864                                  {product} {command line}
    uintx NonNMethodCodeHeapSize                   = 5839372                                {pd product} {ergonomic}
    uintx NonProfiledCodeHeapSize                  = 122909434                              {pd product} {ergonomic}
    uintx ProfiledCodeHeapSize                     = 122909434                              {pd product} {ergonomic}
    uintx ReservedCodeCacheSize                    = 251658240                              {pd product} {ergonomic}
     bool SegmentedCodeCache                       = true                                      {product} {ergonomic}
   size_t SoftMaxHeapSize                          = 67108864                               {manageable} {ergonomic}
     bool UseCompressedClassPointers               = true                           {product lp64_product} {ergonomic}
     bool UseCompressedOops                        = true                           {product lp64_product} {ergonomic}
     bool UseG1GC                                  = true                                      {product} {ergonomic}
     bool UseLargePagesIndividualAllocation        = false                                  {pd product} {ergonomic}

Logging:
Log output configuration:
 #0: stdout all=warning uptime,level,tags
 #1: stderr all=off uptime,level,tags

Environment Variables:
JAVA_HOME=C:\Program Files\Java\jdk-17
PATH=C:\Users\Graham Thangjom\Desktop\Projects\IMB360-Test\node_modules\.bin;C:\Users\Graham Thangjom\Desktop\Projects\IMB360-Test\node_modules\.bin;C:\Users\Graham Thangjom\Desktop\Projects\node_modules\.bin;C:\Users\Graham Thangjom\Desktop\node_modules\.bin;C:\Users\Graham Thangjom\node_modules\.bin;C:\Users\node_modules\.bin;C:\node_modules\.bin;C:\Users\Graham Thangjom\AppData\Roaming\npm\node_modules\npm\node_modules\@npmcli\run-script\lib\node-gyp-bin;C:\Program Files\Java\jdk-17\bin;C:\Program Files\Common Files\Oracle\Java\javapath;C:\WINDOWS\system32;C:\WINDOWS;C:\WINDOWS\System32\Wbem;C:\WINDOWS\System32\WindowsPowerShell\v1.0\;C:\WINDOWS\System32\OpenSSH\;C:\Program Files\NVIDIA Corporation\NVIDIA App\NvDLISR;C:\Program Files (x86)\NVIDIA Corporation\PhysX\Common;C:\Program Files\nodejs\;C:\Program Files\Git\cmd;C:\Program Files\Docker\Docker\resources\bin;C:\Android\cmdline-tools\latest\bin;C:\Android\platform-tools;%JAVA_HOME%\bin;C:\Users\Graham Thangjom\AppData\Local\Programs\Python\Launcher\;C:\Users\Graham Thangjom\AppData\Local\Microsoft\WindowsApps;C:\Users\Graham Thangjom\AppData\Local\Programs\Microsoft VS Code\bin;C:\Users\Graham Thangjom\AppData\Roaming\npm
USERNAME=Graham Thangjom
OS=Windows_NT
PROCESSOR_IDENTIFIER=AMD64 Family 25 Model 68 Stepping 1, AuthenticAMD



---------------  S Y S T E M  ---------------

OS:
 Windows 11 , 64 bit Build 26100 (10.0.26100.8328)
OS uptime: 0 days 1:00 hours
Hyper-V role detected

CPU: total 12 (initial active 12) (12 cores per cpu, 2 threads per core) family 25 model 68 stepping 1 microcode 0xa404107, cx8, cmov, fxsr, ht, mmx, 3dnowpref, sse, sse2, sse3, ssse3, sse4a, sse4.1, sse4.2, popcnt, lzcnt, tsc, tscinvbit, avx, avx2, aes, erms, clmul, bmi1, bmi2, adx, sha, fma, vzeroupper, clflush, clflushopt, hv

Memory: 4k page, system-wide physical 15571M (3451M free)
TotalPageFile size 15571M (AvailPageFile size 0M)
current process WorkingSet (physical memory assigned to process): 106M, peak: 116M
current process commit charge ("private bytes"): 170M, peak: 180M

vm_info: Java HotSpot(TM) 64-Bit Server VM (17.0.12+8-LTS-286) for windows-amd64 JRE (17.0.12+8-LTS-286), built on Jun  5 2024 06:46:59 by "mach5one" with MS VC++ 17.6 (VS2022)

END.
